<?xml version="1.0" encoding="UTF-8" ?>
<testsuite tests="0" failures="0" name="Test" time="0" errors="0" skipped="0">
  <properties>
    <property name="idea.version" value="2021.1.2"/>
    <property name="java.runtime.name" value="OpenJDK Runtime Environment"/>
    <property name="sun.boot.library.path" value="C:\Program Files\Eclipse Foundation\jdk-8.0.302.8-hotspot\jre\bin"/>
    <property name="java.vm.version" value="25.302-b08"/>
    <property name="java.vm.vendor" value="Temurin"/>
    <property name="maven.multiModuleProjectDirectory" value="D:\StSMod\RiskTheRain"/>
    <property name="java.vendor.url" value="https://adoptium.net/"/>
    <property name="path.separator" value=";"/>
    <property name="guice.disable.misplaced.annotation.check" value="true"/>
    <property name="java.vm.name" value="OpenJDK 64-Bit Server VM"/>
    <property name="file.encoding.pkg" value="sun.io"/>
    <property name="user.script" value=""/>
    <property name="user.country" value="CN"/>
    <property name="sun.java.launcher" value="SUN_STANDARD"/>
    <property name="sun.os.patch.level" value=""/>
    <property name="java.vm.specification.name" value="Java Virtual Machine Specification"/>
    <property name="user.dir" value="D:\StSMod\RiskTheRain"/>
    <property name="java.runtime.version" value="1.8.0_302-b08"/>
    <property name="java.awt.graphicsenv" value="sun.awt.Win32GraphicsEnvironment"/>
    <property name="java.endorsed.dirs" value="C:\Program Files\Eclipse Foundation\jdk-8.0.302.8-hotspot\jre\lib\endorsed"/>
    <property name="os.arch" value="amd64"/>
    <property name="java.io.tmpdir" value="C:\Users\15948\AppData\Local\Temp\"/>
    <property name="line.separator" value="
"/>
    <property name="java.vm.specification.vendor" value="Oracle Corporation"/>
    <property name="user.variant" value=""/>
    <property name="os.name" value="Windows 10"/>
    <property name="maven.ext.class.path" value="E:\ntelliJ IDEA Community Edition 2021.1.2\plugins\maven\lib\maven-event-listener.jar"/>
    <property name="classworlds.conf" value="E:\ntelliJ IDEA Community Edition 2021.1.2\plugins\maven\lib\maven3\bin\m2.conf"/>
    <property name="sun.jnu.encoding" value="GBK"/>
    <property name="java.library.path" value="C:\Program Files\Eclipse Foundation\jdk-8.0.302.8-hotspot\bin;C:\WINDOWS\Sun\Java\bin;C:\WINDOWS\system32;C:\WINDOWS;C:\Program Files\Eclipse Foundation\jdk-8.0.302.8-hotspot\bin;C:\Program Files (x86)\Intel\Intel(R) Management Engine Components\iCLS\;C:\Program Files\Intel\Intel(R) Management Engine Components\iCLS\;C:\Windows\system32;C:\Windows;C:\Windows\System32\Wbem;C:\Windows\System32\WindowsPowerShell\v1.0\;C:\Program Files (x86)\Intel\Intel(R) Management Engine Components\DAL;C:\Program Files\Intel\Intel(R) Management Engine Components\DAL;C:\Program Files (x86)\Intel\Intel(R) Management Engine Components\IPT;C:\Program Files\Intel\Intel(R) Management Engine Components\IPT;C:\WINDOWS\system32;C:\WINDOWS;C:\WINDOWS\System32\Wbem;C:\WINDOWS\System32\WindowsPowerShell\v1.0\;C:\WINDOWS\System32\OpenSSH\;C:\Program Files (x86)\Dev-Cpp\MinGW64\bin;C:\Program Files\dotnet\;E:\apache-tomcat-8.5.38\bin;C:\Program Files\NVIDIA Corporation\NVIDIA NvDLISR;C:\Program Files\nodejs\;E:\Git\cmd;E:\GnuWin32\bin;E:\mingw64\bin;C:\Program Files (x86)\NVIDIA Corporation\PhysX\Common;E:\CMake\bin;E:\D\dmd2\windows\bin\;E:\OpenCV\opencv440\build\x64\vc16\bin;E:\OpenCV\opencv440\build\include;E:\OpenCV\opencv440\build\include\opencv2;E:\Utilities\PDFtk\bin\;E:\anaconda3\envs\learn;E:\anaconda3\envs\learn\Library\bin;E:\anaconda3\envs\learn\Scripts;E:\anaconda3\Scripts;E:\anaconda3;E:\Tesseract-OCR;C:\WINDOWS\system32;C:\WINDOWS;C:\WINDOWS\System32\Wbem;C:\WINDOWS\System32\WindowsPowerShell\v1.0\;C:\WINDOWS\System32\OpenSSH\;C:\Program Files\nodejs\node_global;E:\Tomcat\apache-tomcat-8.5.38\lib;E:\Tomcat\apache-tomcat-8.5.38\bin;C:\Program Files\Eclipse Foundation\jdk-8.0.302.8-hotspot\bin;E:\VMware\VMware Player\bin\;E:\tortoiseGit\bin;E:\mysql-8.0.25\bin;E:\apache-maven-3.8.1\bin;E:\MongoDB\Server\5.0\bin;C:\Program Files\MySQL\MySQL Shell 8.0\bin\;C:\Users\15948\.cargo\bin;C:\Users\15948\AppData\Local\Microsoft\WindowsApps;E:\OpenCV\opencv\build\x64\vc15\bin;E:\Fiddler;C:\Users\15948\AppData\Roaming\npm;C:\Users\15948\AppData\Local\Pandoc\;E:\D\dmd2\windows\bin\;C:\Users\15948\AppData\Local\Microsoft\WindowsApps;C:\Users\15948\AppData\Local\Programs\Fiddler;E:\ntelliJ IDEA Community Edition 2021.1.2\bin;;E:\Bandizip\;;E:\DataGrip 2021.1.3\bin;;E:\IntelliJ IDEA 2020.3.2\bin;;E:\WebStorm 2021.1.3\bin;;E:\VS Code\bin;."/>
    <property name="maven.conf" value="E:\ntelliJ IDEA Community Edition 2021.1.2\plugins\maven\lib\maven3/conf"/>
    <property name="java.specification.name" value="Java Platform API Specification"/>
    <property name="java.class.version" value="52.0"/>
    <property name="sun.management.compiler" value="HotSpot 64-Bit Tiered Compilers"/>
    <property name="os.version" value="10.0"/>
    <property name="user.home" value="C:\Users\15948"/>
    <property name="user.timezone" value="Asia/Shanghai"/>
    <property name="java.awt.printerjob" value="sun.awt.windows.WPrinterJob"/>
    <property name="java.specification.version" value="1.8"/>
    <property name="file.encoding" value="UTF-8"/>
    <property name="user.name" value="15948"/>
    <property name="java.class.path" value="E:\ntelliJ IDEA Community Edition 2021.1.2\plugins\maven\lib\maven3\boot\plexus-classworlds-2.6.0.jar;E:\ntelliJ IDEA Community Edition 2021.1.2\plugins\maven\lib\maven3\boot\plexus-classworlds.license;E:\ntelliJ IDEA Community Edition 2021.1.2\lib\idea_rt.jar"/>
    <property name="java.vm.specification.version" value="1.8"/>
    <property name="sun.arch.data.model" value="64"/>
    <property name="java.home" value="C:\Program Files\Eclipse Foundation\jdk-8.0.302.8-hotspot\jre"/>
    <property name="sun.java.command" value="org.codehaus.classworlds.Launcher -Didea.version=2021.1.2 package"/>
    <property name="java.specification.vendor" value="Oracle Corporation"/>
    <property name="user.language" value="zh"/>
    <property name="awt.toolkit" value="sun.awt.windows.WToolkit"/>
    <property name="java.vm.info" value="mixed mode"/>
    <property name="java.version" value="1.8.0_302"/>
    <property name="java.ext.dirs" value="C:\Program Files\Eclipse Foundation\jdk-8.0.302.8-hotspot\jre\lib\ext;C:\WINDOWS\Sun\Java\lib\ext"/>
    <property name="sun.boot.class.path" value="C:\Program Files\Eclipse Foundation\jdk-8.0.302.8-hotspot\jre\lib\resources.jar;C:\Program Files\Eclipse Foundation\jdk-8.0.302.8-hotspot\jre\lib\rt.jar;C:\Program Files\Eclipse Foundation\jdk-8.0.302.8-hotspot\jre\lib\sunrsasign.jar;C:\Program Files\Eclipse Foundation\jdk-8.0.302.8-hotspot\jre\lib\jsse.jar;C:\Program Files\Eclipse Foundation\jdk-8.0.302.8-hotspot\jre\lib\jce.jar;C:\Program Files\Eclipse Foundation\jdk-8.0.302.8-hotspot\jre\lib\charsets.jar;C:\Program Files\Eclipse Foundation\jdk-8.0.302.8-hotspot\jre\lib\jfr.jar;C:\Program Files\Eclipse Foundation\jdk-8.0.302.8-hotspot\jre\classes"/>
    <property name="java.vendor" value="Temurin"/>
    <property name="maven.home" value="E:\ntelliJ IDEA Community Edition 2021.1.2\plugins\maven\lib\maven3"/>
    <property name="file.separator" value="\"/>
    <property name="java.vendor.url.bug" value="https://github.com/adoptium/adoptium-support/issues"/>
    <property name="sun.cpu.endian" value="little"/>
    <property name="sun.io.unicode.encoding" value="UnicodeLittle"/>
    <property name="sun.desktop" value="windows"/>
    <property name="sun.cpu.isalist" value="amd64"/>
  </properties>
</testsuite>